#
# There is insufficient memory for the Java Runtime Environment to continue.
# Native memory allocation (malloc) failed to allocate 1919248 bytes for Chunk::new
# Possible reasons:
#   The system is out of physical RAM or swap space
#   In 32 bit mode, the process size limit was hit
# Possible solutions:
#   Reduce memory load on the system
#   Increase physical memory or swap space
#   Check if swap backing store is full
#   Use 64 bit Java on a 64 bit OS
#   Decrease Java heap size (-Xmx/-Xms)
#   Decrease number of Java threads
#   Decrease Java thread stack sizes (-Xss)
#   Set larger code cache with -XX:ReservedCodeCacheSize=
# This output file may be truncated or incomplete.
#
#  Out of Memory Error (allocation.cpp:390), pid=47876, tid=0x000000000000c5e8
#
# JRE version: Java(TM) SE Runtime Environment (8.0_162-b12) (build 1.8.0_162-b12)
# Java VM: Java HotSpot(TM) 64-Bit Server VM (25.162-b12 mixed mode windows-amd64 compressed oops)
# Failed to write core dump. Minidumps are not enabled by default on client versions of Windows
#

---------------  T H R E A D  ---------------

Current thread (0x000000001973f800):  JavaThread "C2 CompilerThread1" daemon [_thread_in_native, id=50664, stack(0x0000000019e30000,0x0000000019f30000)]

Stack: [0x0000000019e30000,0x0000000019f30000]
[error occurred during error reporting (printing stack bounds), id 0xc0000005]

Native frames: (J=compiled Java code, j=interpreted, Vv=VM code, C=native code)


Current CompileTask:
C2:   7679 5187   !   4       org.springframework.core.annotation.AnnotatedElementUtils::searchWithFindSemantics (785 bytes)


---------------  P R O C E S S  ---------------

Java Threads: ( => current thread )
  0x000000001dc05800 JavaThread "HikariPool-1 connection adder" daemon [_thread_blocked, id=39356, stack(0x0000000021420000,0x0000000021520000)]
  0x000000001dc02800 JavaThread "HikariPool-1 housekeeper" daemon [_thread_blocked, id=16488, stack(0x0000000021320000,0x0000000021420000)]
  0x000000001cf44000 JavaThread "Abandoned connection cleanup thread" daemon [_thread_blocked, id=3932, stack(0x0000000020b20000,0x0000000020c20000)]
  0x000000001e4a1000 JavaThread "container-0" [_thread_blocked, id=26620, stack(0x0000000020a20000,0x0000000020b20000)]
  0x000000001c937000 JavaThread "ContainerBackgroundProcessor[StandardEngine[Tomcat]]" daemon [_thread_blocked, id=46924, stack(0x0000000020920000,0x0000000020a20000)]
  0x000000001f208000 JavaThread "localhost-startStop-1" daemon [_thread_blocked, id=51128, stack(0x0000000020620000,0x0000000020720000)]
  0x000000001dbbf800 JavaThread "Tomcat-startStop-1" daemon [_thread_blocked, id=20232, stack(0x0000000020520000,0x0000000020620000)]
  0x0000000017d4e800 JavaThread "Service Thread" daemon [_thread_blocked, id=51168, stack(0x000000001a030000,0x000000001a130000)]
  0x0000000017d4b000 JavaThread "C1 CompilerThread2" daemon [_thread_blocked, id=6944, stack(0x0000000019f30000,0x000000001a030000)]
=>0x000000001973f800 JavaThread "C2 CompilerThread1" daemon [_thread_in_native, id=50664, stack(0x0000000019e30000,0x0000000019f30000)]
  0x000000001973d800 JavaThread "C2 CompilerThread0" daemon [_thread_in_native, id=51384, stack(0x0000000019d30000,0x0000000019e30000)]
  0x000000001978e800 JavaThread "Attach Listener" daemon [_thread_blocked, id=52172, stack(0x0000000019c30000,0x0000000019d30000)]
  0x0000000017d34000 JavaThread "Signal Dispatcher" daemon [_thread_blocked, id=51820, stack(0x0000000019b30000,0x0000000019c30000)]
  0x0000000017d22000 JavaThread "Finalizer" daemon [_thread_blocked, id=50740, stack(0x00000000195d0000,0x00000000196d0000)]
  0x0000000003028000 JavaThread "Reference Handler" daemon [_thread_blocked, id=50180, stack(0x00000000194d0000,0x00000000195d0000)]
  0x0000000002f36800 JavaThread "main" [_thread_in_native, id=46744, stack(0x0000000002e30000,0x0000000002f30000)]

Other Threads:
  0x0000000017cf8000 VMThread [stack: 0x00000000193d0000,0x00000000194d0000] [id=12664]
  0x0000000019844000 WatcherThread [stack: 0x000000001a130000,0x000000001a230000] [id=31316]

VM state:not at safepoint (normal execution)

VM Mutex/Monitor currently owned by a thread:  ([mutex/lock_event])
[0x0000000002f339d0] StringTable_lock - owner thread: 0x0000000000000000

Heap:
 PSYoungGen      total 240640K, used 11649K [0x00000000d6180000, 0x00000000eb380000, 0x0000000100000000)
  eden space 222720K, 5% used [0x00000000d6180000,0x00000000d6ce0470,0x00000000e3b00000)
  from space 17920K, 0% used [0x00000000e3b00000,0x00000000e3b00000,0x00000000e4c80000)
  to   space 17920K, 0% used [0x00000000ea200000,0x00000000ea200000,0x00000000eb380000)
 ParOldGen       total 80896K, used 32453K [0x0000000082400000, 0x0000000087300000, 0x00000000d6180000)
  object space 80896K, 40% used [0x0000000082400000,0x00000000843b14b0,0x0000000087300000)
 Metaspace       used 56807K, capacity 58960K, committed 59136K, reserved 1099776K
  class space    used 7478K, capacity 7856K, committed 7936K, reserved 1048576K

Card table byte_map: [0x00000000123f0000,0x00000000127e0000] byte_map_base: 0x0000000011fde000

Marking Bits: (ParMarkBitMap*) 0x0000000065d10860
 Begin Bits: [0x0000000013080000, 0x0000000014ff0000)
 End Bits:   [0x0000000014ff0000, 0x0000000016f60000)

Polling page: 0x00000000007f0000

CodeCache: size=245760Kb used=17964Kb max_used=17964Kb free=227795Kb
 bounds [0x0000000003030000, 0x00000000041d0000, 0x0000000012030000]
 total_blobs=5296 nmethods=4747 adapters=461
 compilation: enabled

Compilation events (10 events):
Event: 7.590 Thread 0x0000000017d4b000 5409       2       java.beans.Introspector::addPropertyDescriptors (37 bytes)
Event: 7.590 Thread 0x0000000017d4b000 nmethod 5409 0x0000000003f6af10 code [0x0000000003f6b080, 0x0000000003f6b288]
Event: 7.633 Thread 0x0000000017d4b000 5411   !   2       com.sun.proxy.$Proxy19::hashCode (32 bytes)
Event: 7.633 Thread 0x0000000017d4b000 nmethod 5411 0x0000000003f6a8d0 code [0x0000000003f6aa60, 0x0000000003f6ad38]
Event: 7.634 Thread 0x0000000017d4b000 5412 %     3       sun.misc.ProxyGenerator$ConstantPool::write @ 34 (64 bytes)
Event: 7.634 Thread 0x0000000017d4b000 nmethod 5412% 0x00000000041c72d0 code [0x00000000041c7500, 0x00000000041c81c8]
Event: 7.656 Thread 0x0000000017d4b000 5413       2       org.springframework.core.annotation.AnnotationUtils::isSynthesizable (163 bytes)
Event: 7.656 Thread 0x0000000017d4b000 nmethod 5413 0x00000000041c8710 code [0x00000000041c8960, 0x00000000041c8f58]
Event: 7.665 Thread 0x0000000017d4b000 5414       2       org.springframework.cglib.core.AbstractClassGenerator::getClassLoader (53 bytes)
Event: 7.666 Thread 0x0000000017d4b000 nmethod 5414 0x00000000041c9610 code [0x00000000041c9800, 0x00000000041c9df8]

GC Heap History (10 events):
Event: 3.280 GC heap before
{Heap before GC invocations=10 (full 2):
 PSYoungGen      total 172544K, used 10901K [0x00000000d6180000, 0x00000000e2f00000, 0x0000000100000000)
  eden space 157696K, 0% used [0x00000000d6180000,0x00000000d6180000,0x00000000dfb80000)
  from space 14848K, 73% used [0x00000000e0a00000,0x00000000e14a55b8,0x00000000e1880000)
  to   space 14848K, 0% used [0x00000000dfb80000,0x00000000dfb80000,0x00000000e0a00000)
 ParOldGen       total 54784K, used 16542K [0x0000000082400000, 0x0000000085980000, 0x00000000d6180000)
  object space 54784K, 30% used [0x0000000082400000,0x0000000083427988,0x0000000085980000)
 Metaspace       used 33983K, capacity 35384K, committed 35416K, reserved 1079296K
  class space    used 4432K, capacity 4704K, committed 4736K, reserved 1048576K
Event: 3.316 GC heap after
Heap after GC invocations=10 (full 2):
 PSYoungGen      total 172544K, used 0K [0x00000000d6180000, 0x00000000e2f00000, 0x0000000100000000)
  eden space 157696K, 0% used [0x00000000d6180000,0x00000000d6180000,0x00000000dfb80000)
  from space 14848K, 0% used [0x00000000e0a00000,0x00000000e0a00000,0x00000000e1880000)
  to   space 14848K, 0% used [0x00000000dfb80000,0x00000000dfb80000,0x00000000e0a00000)
 ParOldGen       total 80896K, used 18604K [0x0000000082400000, 0x0000000087300000, 0x00000000d6180000)
  object space 80896K, 22% used [0x0000000082400000,0x000000008362b3c0,0x0000000087300000)
 Metaspace       used 33983K, capacity 35384K, committed 35416K, reserved 1079296K
  class space    used 4432K, capacity 4704K, committed 4736K, reserved 1048576K
}
Event: 4.699 GC heap before
{Heap before GC invocations=11 (full 2):
 PSYoungGen      total 172544K, used 157664K [0x00000000d6180000, 0x00000000e2f00000, 0x0000000100000000)
  eden space 157696K, 99% used [0x00000000d6180000,0x00000000dfb780b8,0x00000000dfb80000)
  from space 14848K, 0% used [0x00000000e0a00000,0x00000000e0a00000,0x00000000e1880000)
  to   space 14848K, 0% used [0x00000000dfb80000,0x00000000dfb80000,0x00000000e0a00000)
 ParOldGen       total 80896K, used 18604K [0x0000000082400000, 0x0000000087300000, 0x00000000d6180000)
  object space 80896K, 22% used [0x0000000082400000,0x000000008362b3c0,0x0000000087300000)
 Metaspace       used 41626K, capacity 43166K, committed 43520K, reserved 1087488K
  class space    used 5523K, capacity 5827K, committed 5888K, reserved 1048576K
Event: 4.717 GC heap after
Heap after GC invocations=11 (full 2):
 PSYoungGen      total 172544K, used 10423K [0x00000000d6180000, 0x00000000e5c00000, 0x0000000100000000)
  eden space 157696K, 0% used [0x00000000d6180000,0x00000000d6180000,0x00000000dfb80000)
  from space 14848K, 70% used [0x00000000dfb80000,0x00000000e05adc00,0x00000000e0a00000)
  to   space 14848K, 0% used [0x00000000e4d80000,0x00000000e4d80000,0x00000000e5c00000)
 ParOldGen       total 80896K, used 18612K [0x0000000082400000, 0x0000000087300000, 0x00000000d6180000)
  object space 80896K, 23% used [0x0000000082400000,0x000000008362d3c0,0x0000000087300000)
 Metaspace       used 41626K, capacity 43166K, committed 43520K, reserved 1087488K
  class space    used 5523K, capacity 5827K, committed 5888K, reserved 1048576K
}
Event: 6.417 GC heap before
{Heap before GC invocations=12 (full 2):
 PSYoungGen      total 172544K, used 168119K [0x00000000d6180000, 0x00000000e5c00000, 0x0000000100000000)
  eden space 157696K, 100% used [0x00000000d6180000,0x00000000dfb80000,0x00000000dfb80000)
  from space 14848K, 70% used [0x00000000dfb80000,0x00000000e05adc00,0x00000000e0a00000)
  to   space 14848K, 0% used [0x00000000e4d80000,0x00000000e4d80000,0x00000000e5c00000)
 ParOldGen       total 80896K, used 18612K [0x0000000082400000, 0x0000000087300000, 0x00000000d6180000)
  object space 80896K, 23% used [0x0000000082400000,0x000000008362d3c0,0x0000000087300000)
 Metaspace       used 54661K, capacity 56768K, committed 57088K, reserved 1099776K
  class space    used 7194K, capacity 7574K, committed 7680K, reserved 1048576K
Event: 6.440 GC heap after
Heap after GC invocations=12 (full 2):
 PSYoungGen      total 237568K, used 14832K [0x00000000d6180000, 0x00000000e5e00000, 0x0000000100000000)
  eden space 222720K, 0% used [0x00000000d6180000,0x00000000d6180000,0x00000000e3b00000)
  from space 14848K, 99% used [0x00000000e4d80000,0x00000000e5bfc320,0x00000000e5c00000)
  to   space 17920K, 0% used [0x00000000e3b00000,0x00000000e3b00000,0x00000000e4c80000)
 ParOldGen       total 80896K, used 22702K [0x0000000082400000, 0x0000000087300000, 0x00000000d6180000)
  object space 80896K, 28% used [0x0000000082400000,0x0000000083a2bb38,0x0000000087300000)
 Metaspace       used 54661K, capacity 56768K, committed 57088K, reserved 1099776K
  class space    used 7194K, capacity 7574K, committed 7680K, reserved 1048576K
}
Event: 7.422 GC heap before
{Heap before GC invocations=13 (full 2):
 PSYoungGen      total 237568K, used 148352K [0x00000000d6180000, 0x00000000e5e00000, 0x0000000100000000)
  eden space 222720K, 59% used [0x00000000d6180000,0x00000000de3e4090,0x00000000e3b00000)
  from space 14848K, 99% used [0x00000000e4d80000,0x00000000e5bfc320,0x00000000e5c00000)
  to   space 17920K, 0% used [0x00000000e3b00000,0x00000000e3b00000,0x00000000e4c80000)
 ParOldGen       total 80896K, used 22702K [0x0000000082400000, 0x0000000087300000, 0x00000000d6180000)
  object space 80896K, 28% used [0x0000000082400000,0x0000000083a2bb38,0x0000000087300000)
 Metaspace       used 56787K, capacity 58944K, committed 59028K, reserved 1099776K
  class space    used 7470K, capacity 7854K, committed 7936K, reserved 1048576K
Event: 7.443 GC heap after
Heap after GC invocations=13 (full 2):
 PSYoungGen      total 240640K, used 6466K [0x00000000d6180000, 0x00000000eb380000, 0x0000000100000000)
  eden space 222720K, 0% used [0x00000000d6180000,0x00000000d6180000,0x00000000e3b00000)
  from space 17920K, 36% used [0x00000000e3b00000,0x00000000e4150a88,0x00000000e4c80000)
  to   space 17920K, 0% used [0x00000000ea200000,0x00000000ea200000,0x00000000eb380000)
 ParOldGen       total 80896K, used 32672K [0x0000000082400000, 0x0000000087300000, 0x00000000d6180000)
  object space 80896K, 40% used [0x0000000082400000,0x00000000843e8008,0x0000000087300000)
 Metaspace       used 56787K, capacity 58944K, committed 59028K, reserved 1099776K
  class space    used 7470K, capacity 7854K, committed 7936K, reserved 1048576K
}
Event: 7.443 GC heap before
{Heap before GC invocations=14 (full 3):
 PSYoungGen      total 240640K, used 6466K [0x00000000d6180000, 0x00000000eb380000, 0x0000000100000000)
  eden space 222720K, 0% used [0x00000000d6180000,0x00000000d6180000,0x00000000e3b00000)
  from space 17920K, 36% used [0x00000000e3b00000,0x00000000e4150a88,0x00000000e4c80000)
  to   space 17920K, 0% used [0x00000000ea200000,0x00000000ea200000,0x00000000eb380000)
 ParOldGen       total 80896K, used 32672K [0x0000000082400000, 0x0000000087300000, 0x00000000d6180000)
  object space 80896K, 40% used [0x0000000082400000,0x00000000843e8008,0x0000000087300000)
 Metaspace       used 56787K, capacity 58944K, committed 59028K, reserved 1099776K
  class space    used 7470K, capacity 7854K, committed 7936K, reserved 1048576K
Event: 7.561 GC heap after
Heap after GC invocations=14 (full 3):
 PSYoungGen      total 240640K, used 0K [0x00000000d6180000, 0x00000000eb380000, 0x0000000100000000)
  eden space 222720K, 0% used [0x00000000d6180000,0x00000000d6180000,0x00000000e3b00000)
  from space 17920K, 0% used [0x00000000e3b00000,0x00000000e3b00000,0x00000000e4c80000)
  to   space 17920K, 0% used [0x00000000ea200000,0x00000000ea200000,0x00000000eb380000)
 ParOldGen       total 80896K, used 32453K [0x0000000082400000, 0x0000000087300000, 0x00000000d6180000)
  object space 80896K, 40% used [0x0000000082400000,0x00000000843b14b0,0x0000000087300000)
 Metaspace       used 56787K, capacity 58944K, committed 59028K, reserved 1099776K
  class space    used 7470K, capacity 7854K, committed 7936K, reserved 1048576K
}

Deoptimization events (10 events):
Event: 6.246 Thread 0x0000000002f36800 Uncommon trap: reason=bimorphic action=maybe_recompile pc=0x00000000032ee334 method=java.util.Hashtable.get(Ljava/lang/Object;)Ljava/lang/Object; @ 45
Event: 6.248 Thread 0x0000000002f36800 Uncommon trap: reason=bimorphic action=maybe_recompile pc=0x00000000032ee334 method=java.util.Hashtable.get(Ljava/lang/Object;)Ljava/lang/Object; @ 45
Event: 6.248 Thread 0x0000000002f36800 Uncommon trap: reason=unstable_if action=reinterpret pc=0x00000000031675c0 method=java.lang.CharacterData.of(I)Ljava/lang/CharacterData; @ 4
Event: 6.339 Thread 0x0000000002f36800 Uncommon trap: reason=unstable_if action=reinterpret pc=0x0000000003fc7398 method=org.springframework.core.annotation.AnnotationUtils.findAnnotation(Ljava/lang/Class;Ljava/lang/Class;Ljava/util/Set;)Ljava/lang/annotation/Annotation; @ 135
Event: 6.374 Thread 0x0000000002f36800 Uncommon trap: reason=unstable_if action=reinterpret pc=0x0000000004099aa8 method=org.aspectj.weaver.Iterators$ResolvedTypeArrayIterator.moveToNextNewOne()V @ 32
Event: 6.480 Thread 0x0000000002f36800 Uncommon trap: reason=unstable_if action=reinterpret pc=0x0000000003669cf4 method=sun.reflect.annotation.AnnotationInvocationHandler.equalsImpl(Ljava/lang/Object;)Ljava/lang/Boolean; @ 142
Event: 6.543 Thread 0x0000000002f36800 Uncommon trap: reason=null_check action=make_not_entrant pc=0x00000000040e1cf4 method=org.springframework.core.annotation.AnnotatedElementUtils.searchWithFindSemantics(Ljava/lang/reflect/AnnotatedElement;Ljava/lang/Class;Ljava/lang/String;Ljava/lang/Class
Event: 6.942 Thread 0x0000000002f36800 Uncommon trap: reason=unstable_if action=reinterpret pc=0x000000000355bc94 method=org.springframework.util.ConcurrentReferenceHashMap$Segment.restructureIfNecessary(Z)V @ 33
Event: 6.943 Thread 0x0000000002f36800 Uncommon trap: reason=class_check action=maybe_recompile pc=0x00000000033e7644 method=org.springframework.util.ConcurrentReferenceHashMap$Segment.findInChain(Lorg/springframework/util/ConcurrentReferenceHashMap$Reference;Ljava/lang/Object;I)Lorg/springfra
Event: 6.943 Thread 0x0000000002f36800 Uncommon trap: reason=class_check action=maybe_recompile pc=0x00000000033e7644 method=org.springframework.util.ConcurrentReferenceHashMap$Segment.findInChain(Lorg/springframework/util/ConcurrentReferenceHashMap$Reference;Ljava/lang/Object;I)Lorg/springfra

Classes redefined (0 events):
No events

Internal exceptions (10 events):
Event: 7.606 Thread 0x0000000002f36800 Exception <a 'java/lang/ClassNotFoundException': java/lang/ObjectCustomizer> (0x00000000d68f9d50) thrown at [C:\re\workspace\8-2-build-windows-amd64-cygwin\jdk8u162\10278\hotspot\src\share\vm\classfile\systemDictionary.cpp, line 210]
Event: 7.606 Thread 0x0000000002f36800 Exception <a 'java/lang/ClassNotFoundException': org/springframework/boot/autoconfigure/web/servlet/error/AbstractErrorControllerCustomizer> (0x00000000d691ea10) thrown at [C:\re\workspace\8-2-build-windows-amd64-cygwin\jdk8u162\10278\hotspot\src\share\vm
Event: 7.607 Thread 0x0000000002f36800 Exception <a 'java/lang/ClassNotFoundException': org/springframework/boot/autoconfigure/web/servlet/error/BasicErrorControllerCustomizer> (0x00000000d6940a40) thrown at [C:\re\workspace\8-2-build-windows-amd64-cygwin\jdk8u162\10278\hotspot\src\share\vm\cl
Event: 7.608 Thread 0x0000000002f36800 Exception <a 'java/lang/ClassNotFoundException': org/springframework/boot/web/servlet/error/ErrorControllerCustomizer> (0x00000000d6962a60) thrown at [C:\re\workspace\8-2-build-windows-amd64-cygwin\jdk8u162\10278\hotspot\src\share\vm\classfile\systemDicti
Event: 7.617 Thread 0x0000000002f36800 Exception <a 'java/lang/ClassNotFoundException': java/lang/ObjectCustomizer> (0x00000000d69f0758) thrown at [C:\re\workspace\8-2-build-windows-amd64-cygwin\jdk8u162\10278\hotspot\src\share\vm\classfile\systemDictionary.cpp, line 210]
Event: 7.618 Thread 0x0000000002f36800 Exception <a 'java/lang/ClassNotFoundException': org/springframework/boot/autoconfigure/web/servlet/WebMvcAutoConfiguration$WebMvcAutoConfigurationAdapter$FaviconConfigurationCustomizer> (0x00000000d6a234d8) thrown at [C:\re\workspace\8-2-build-windows-am
Event: 7.620 Thread 0x0000000002f36800 Exception <a 'java/lang/ClassNotFoundException': org/springframework/boot/autoconfigure/web/servlet/WebMvcAutoConfiguration$WebMvcAutoConfigurationAdapter$FaviconConfiguration$$EnhancerBySpringCGLIB$$ff3b82ecCustomizer> (0x00000000d6a5fb68) thrown at [C:\
Event: 7.630 Thread 0x0000000002f36800 Exception <a 'java/lang/ClassNotFoundException': org/springframework/context/annotation/ConfigurationClassEnhancer$EnhancedConfigurationCustomizer> (0x00000000d6a8d670) thrown at [C:\re\workspace\8-2-build-windows-amd64-cygwin\jdk8u162\10278\hotspot\src\s
Event: 7.631 Thread 0x0000000002f36800 Exception <a 'java/lang/ClassNotFoundException': org/springframework/context/ResourceLoaderAwareCustomizer> (0x00000000d6aa52a8) thrown at [C:\re\workspace\8-2-build-windows-amd64-cygwin\jdk8u162\10278\hotspot\src\share\vm\classfile\systemDictionary.cpp, 
Event: 7.678 Thread 0x0000000002f36800 Exception <a 'java/lang/ClassNotFoundException': java/lang/ObjectCustomizer> (0x00000000d6bf79c8) thrown at [C:\re\workspace\8-2-build-windows-amd64-cygwin\jdk8u162\10278\hotspot\src\share\vm\classfile\systemDictionary.cpp, line 210]

Events (10 events):
Event: 7.674 loading class org/springframework/http/CacheControl
Event: 7.674 loading class org/springframework/http/CacheControl done
Event: 7.676 loading class java/lang/ObjectCustomizer
Event: 7.676 loading class java/lang/ObjectCustomizer done
Event: 7.678 loading class java/lang/ObjectCustomizer
Event: 7.678 loading class java/lang/ObjectCustomizer done
Event: 7.678 loading class org/springframework/context/support/ApplicationObjectSupportCustomizer
Event: 7.678 loading class org/springframework/context/support/ApplicationObjectSupportCustomizer done
Event: 7.678 loading class org/springframework/context/support/ApplicationObjectSupportCustomizer
Event: 7.678 loading class org/springframework/context/support/ApplicationObjectSupportCustomizer done


Dynamic libraries:
0x00007ff7b7ec0000 - 0x00007ff7b7ef7000 	C:\Program Files\Java\jdk1.8.0_162\bin\javaw.exe
0x00007fff83610000 - 0x00007fff837f1000 	C:\Windows\SYSTEM32\ntdll.dll
0x00007fff82dc0000 - 0x00007fff82e72000 	C:\Windows\System32\KERNEL32.DLL
0x00007fff7fb70000 - 0x00007fff7fde3000 	C:\Windows\System32\KERNELBASE.dll
0x00007fff82910000 - 0x00007fff829b1000 	C:\Windows\System32\ADVAPI32.dll
0x00007fff829f0000 - 0x00007fff82a8e000 	C:\Windows\System32\msvcrt.dll
0x00007fff83100000 - 0x00007fff8315b000 	C:\Windows\System32\sechost.dll
0x00007fff82700000 - 0x00007fff82824000 	C:\Windows\System32\RPCRT4.dll
0x00007fff82e80000 - 0x00007fff83010000 	C:\Windows\System32\USER32.dll
0x00007fff80640000 - 0x00007fff80660000 	C:\Windows\System32\win32u.dll
0x00007fff829c0000 - 0x00007fff829e8000 	C:\Windows\System32\GDI32.dll
0x00007fff80660000 - 0x00007fff807f2000 	C:\Windows\System32\gdi32full.dll
0x00007fff80800000 - 0x00007fff8089f000 	C:\Windows\System32\msvcp_win.dll
0x00007fff7f7c0000 - 0x00007fff7f8ba000 	C:\Windows\System32\ucrtbase.dll
0x00007fff66470000 - 0x00007fff666d9000 	C:\Windows\WinSxS\amd64_microsoft.windows.common-controls_6595b64144ccf1df_6.0.17134.1_none_e4da93291059d8fb\COMCTL32.dll
0x00007fff82a90000 - 0x00007fff82db3000 	C:\Windows\System32\combase.dll
0x00007fff7f740000 - 0x00007fff7f7ba000 	C:\Windows\System32\bcryptPrimitives.dll
0x00007fff823a0000 - 0x00007fff823cd000 	C:\Windows\System32\IMM32.DLL
0x0000000065d90000 - 0x0000000065e61000 	C:\Program Files\Java\jdk1.8.0_162\jre\bin\msvcr100.dll
0x00000000654f0000 - 0x0000000065d90000 	C:\Program Files\Java\jdk1.8.0_162\jre\bin\server\jvm.dll
0x00007fff80610000 - 0x00007fff80633000 	C:\Windows\System32\WINMM.dll
0x00007fff7f6b0000 - 0x00007fff7f6da000 	C:\Windows\System32\WINMMBASE.dll
0x00007fff805c0000 - 0x00007fff80609000 	C:\Windows\System32\cfgmgr32.dll
0x00007fff80b40000 - 0x00007fff80b48000 	C:\Windows\System32\PSAPI.DLL
0x00007fff6a8a0000 - 0x00007fff6a8a9000 	C:\Windows\SYSTEM32\WSOCK32.dll
0x00007fff82330000 - 0x00007fff8239c000 	C:\Windows\System32\WS2_32.dll
0x00007fff751d0000 - 0x00007fff751da000 	C:\Windows\SYSTEM32\VERSION.dll
0x0000000068000000 - 0x000000006800f000 	C:\Program Files\Java\jdk1.8.0_162\jre\bin\verify.dll
0x00000000654c0000 - 0x00000000654e9000 	C:\Program Files\Java\jdk1.8.0_162\jre\bin\java.dll
0x00000000654a0000 - 0x00000000654b6000 	C:\Program Files\Java\jdk1.8.0_162\jre\bin\zip.dll
0x00007fff80d40000 - 0x00007fff82180000 	C:\Windows\System32\SHELL32.dll
0x00007fff82650000 - 0x00007fff826f9000 	C:\Windows\System32\shcore.dll
0x00007fff7feb0000 - 0x00007fff805bd000 	C:\Windows\System32\windows.storage.dll
0x00007fff82450000 - 0x00007fff824a1000 	C:\Windows\System32\shlwapi.dll
0x00007fff7f640000 - 0x00007fff7f651000 	C:\Windows\System32\kernel.appcore.dll
0x00007fff7f680000 - 0x00007fff7f69f000 	C:\Windows\System32\profapi.dll
0x00007fff808a0000 - 0x00007fff808ec000 	C:\Windows\System32\powrprof.dll
0x00007fff7f6a0000 - 0x00007fff7f6aa000 	C:\Windows\System32\FLTLIB.DLL
0x0000000065490000 - 0x000000006549d000 	C:\Program Files\Java\jdk1.8.0_162\jre\bin\management.dll
0x0000000065470000 - 0x000000006548a000 	C:\Program Files\Java\jdk1.8.0_162\jre\bin\net.dll
0x00007fff7edf0000 - 0x00007fff7ee56000 	C:\Windows\system32\mswsock.dll
0x00007fff69c60000 - 0x00007fff69c76000 	C:\Windows\system32\napinsp.dll
0x00007fff67760000 - 0x00007fff6777a000 	C:\Windows\system32\pnrpnsp.dll
0x00007fff7b720000 - 0x00007fff7b739000 	C:\Windows\system32\NLAapi.dll
0x00007fff7ebc0000 - 0x00007fff7ec7e000 	C:\Windows\SYSTEM32\DNSAPI.dll
0x00007fff82320000 - 0x00007fff82328000 	C:\Windows\System32\NSI.dll
0x00007fff7eb80000 - 0x00007fff7ebb8000 	C:\Windows\SYSTEM32\IPHLPAPI.DLL
0x00007fff6bcb0000 - 0x00007fff6bcbe000 	C:\Windows\System32\winrnr.dll
0x00007fff7a900000 - 0x00007fff7a90a000 	C:\Windows\System32\rasadhlp.dll
0x00007fff7a960000 - 0x00007fff7a9d2000 	C:\Windows\System32\fwpuclnt.dll
0x00007fff7f390000 - 0x00007fff7f3b5000 	C:\Windows\SYSTEM32\bcrypt.dll
0x0000000065450000 - 0x0000000065461000 	C:\Program Files\Java\jdk1.8.0_162\jre\bin\nio.dll
0x00007fff7f310000 - 0x00007fff7f327000 	C:\Windows\SYSTEM32\CRYPTSP.dll
0x00007fff7e9e0000 - 0x00007fff7ea13000 	C:\Windows\system32\rsaenh.dll
0x00007fff7f540000 - 0x00007fff7f568000 	C:\Windows\SYSTEM32\USERENV.dll
0x00007fff7ef50000 - 0x00007fff7ef5b000 	C:\Windows\SYSTEM32\CRYPTBASE.dll
0x00007fff7bc30000 - 0x00007fff7bc46000 	C:\Windows\SYSTEM32\dhcpcsvc6.DLL
0x00007fff7bc10000 - 0x00007fff7bc2a000 	C:\Windows\SYSTEM32\dhcpcsvc.DLL

VM Arguments:
jvm_args: -Dfile.encoding=UTF-8 
java_command: com.ts.wb.Application
java_class_path (initial): C:\Program Files\Java\jdk1.8.0_162\jre\lib\resources.jar;C:\Program Files\Java\jdk1.8.0_162\jre\lib\rt.jar;C:\Program Files\Java\jdk1.8.0_162\jre\lib\jsse.jar;C:\Program Files\Java\jdk1.8.0_162\jre\lib\jce.jar;C:\Program Files\Java\jdk1.8.0_162\jre\lib\charsets.jar;C:\Program Files\Java\jdk1.8.0_162\jre\lib\jfr.jar;C:\Program Files\Java\jdk1.8.0_162\jre\lib\ext\access-bridge-64.jar;C:\Program Files\Java\jdk1.8.0_162\jre\lib\ext\cldrdata.jar;C:\Program Files\Java\jdk1.8.0_162\jre\lib\ext\dnsns.jar;C:\Program Files\Java\jdk1.8.0_162\jre\lib\ext\jaccess.jar;C:\Program Files\Java\jdk1.8.0_162\jre\lib\ext\jfxrt.jar;C:\Program Files\Java\jdk1.8.0_162\jre\lib\ext\localedata.jar;C:\Program Files\Java\jdk1.8.0_162\jre\lib\ext\nashorn.jar;C:\Program Files\Java\jdk1.8.0_162\jre\lib\ext\sunec.jar;C:\Program Files\Java\jdk1.8.0_162\jre\lib\ext\sunjce_provider.jar;C:\Program Files\Java\jdk1.8.0_162\jre\lib\ext\sunmscapi.jar;C:\Program Files\Java\jdk1.8.0_162\jre\lib\ext\sunpkcs11.jar;C:\Program Files\Java\jdk1.8.0_162\jre\lib\ext\zipfs.jar;D:\sb\target\classes;C:\Users\Administrator\.m2\repository\org\springframework\boot\spring-boot-starter-web\2.0.3.RELEASE\spring-boot-starter-web-2.0.3.RELEASE.jar;C:\Users\Administrator\.m2\repository\org\springframework\boot\spring-boot-starter\2.0.3.RELEASE\spring-boot-starter-2.0.3.RELEASE.jar;C:\Users\Administrator\.m2\repository\org\springframework\boot\spring-boot\2.0.3.RELEASE\spring-boot-2.0.3.RELEASE.jar;C:\Users\Administrator\.m2\repository\org\springframework\boot\spring-boot-autoconfigure\2.0.3.RELEASE\spring-boot-autoconfigure-2.0.3.RELEASE.jar;C:\Users\Administrator\.m2\repository\org\springframework\boot\spring-boot-starter-logging\2.0.3.RELEASE\spring-boot-starter-logging-2.0.3.RELEASE.jar;C:\Users\Administrator\.m2\repository\ch\qos\logback\logback-classic\1.2.3\logback-classic-1.2.3.jar;C:\Users\Administrator\.m2\repository\ch\qos\logback\logback-core\1.2.3\logback-core-1.2.3.jar;C:\Users\Administ
Launcher Type: SUN_STANDARD

Environment Variables:
PATH=C:/Program Files/Java/jre1.8.0_162/bin/server;C:/Program Files/Java/jre1.8.0_162/bin;C:/Program Files/Java/jre1.8.0_162/lib/amd64;C:\ProgramData\Oracle\Java\javapath;C:\Program Files (x86)\Intel\Intel(R) Management Engine Components\iCLS\;C:\Program Files\Intel\Intel(R) Management Engine Components\iCLS\;C:\Windows\system32;C:\Windows;C:\Windows\System32\Wbem;C:\Windows\System32\WindowsPowerShell\v1.0\;C:\Windows\System32\OpenSSH\;C:\Program Files (x86)\NVIDIA Corporation\PhysX\Common;C:\Program Files (x86)\Intel\Intel(R) Management Engine Components\DAL;C:\Program Files\Intel\Intel(R) Management Engine Components\DAL;C:\Program Files (x86)\Intel\Intel(R) Management Engine Components\IPT;C:\Program Files\Intel\Intel(R) Management Engine Components\IPT;C:\Program Files\TortoiseSVN\bin;C:\Program Files (x86)\MySQL\MySQL Fabric 1.5 & MySQL Utilities 1.5\;C:\Program Files (x86)\MySQL\MySQL Fabric 1.5 & MySQL Utilities 1.5\Doctrine extensions for PHP\;D:\360¼«ËÙä¯ÀÀÆ÷ÏÂÔØ\apache-maven-3.5.4-bin\apache-maven-3.5.4\bin;D:\Program Files\Redis\;D:\Program Files\Git\cmd;D:\Program Files\Python37;C:\Users\Administrator\AppData\Local\Microsoft\WindowsApps;C:\Users\Administrator\AppData\Local\GitHubDesktop\bin;E:\eclipse;
USERNAME=Administrator
OS=Windows_NT
PROCESSOR_IDENTIFIER=Intel64 Family 6 Model 158 Stepping 10, GenuineIntel



---------------  S Y S T E M  ---------------

OS: Windows 10.0 , 64 bit Build 17134 (10.0.17134.1)

CPU:total 6 (initial active 6) (6 cores per cpu, 1 threads per core) family 6 model 158 stepping 10, cmov, cx8, fxsr, mmx, sse, sse2, sse3, ssse3, sse4.1, sse4.2, popcnt, avx, avx2, aes, clmul, erms, rtm, 3dnowpref, lzcnt, tsc, tscinvbit, bmi1, bmi2, adx

Memory: 4k page, physical 8234476k(809128k free), swap 16102760k(5464k free)

vm_info: Java HotSpot(TM) 64-Bit Server VM (25.162-b12) for windows-amd64 JRE (1.8.0_162-b12), built on Dec 19 2017 20:00:03 by "java_re" with MS VC++ 10.0 (VS2010)

time: Fri Mar 29 11:27:50 2019
elapsed time: 7 seconds (0d 0h 0m 7s)

