#
# There is insufficient memory for the Java Runtime Environment to continue.
# Native memory allocation (malloc) failed to allocate 1048576 bytes for AllocateHeap
# Possible reasons:
#   The system is out of physical RAM or swap space
#   In 32 bit mode, the process size limit was hit
# Possible solutions:
#   Reduce memory load on the system
#   Increase physical memory or swap space
#   Check if swap backing store is full
#   Use 64 bit Java on a 64 bit OS
#   Decrease Java heap size (-Xmx/-Xms)
#   Decrease number of Java threads
#   Decrease Java thread stack sizes (-Xss)
#   Set larger code cache with -XX:ReservedCodeCacheSize=
# This output file may be truncated or incomplete.
#
#  Out of Memory Error (memory/allocation.inline.hpp:61), pid=51316, tid=0x000000000000cb6c
#
# JRE version:  (8.0_162-b12) (build )
# Java VM: Java HotSpot(TM) 64-Bit Server VM (25.162-b12 mixed mode windows-amd64 compressed oops)
# Failed to write core dump. Minidumps are not enabled by default on client versions of Windows
#

---------------  T H R E A D  ---------------

Current thread (0x0000000002cc8000):  JavaThread "Unknown thread" [_thread_in_vm, id=52076, stack(0x0000000002bb0000,0x0000000002cb0000)]

Stack: [0x0000000002bb0000,0x0000000002cb0000]
[error occurred during error reporting (printing stack bounds), id 0xc0000005]

Native frames: (J=compiled Java code, j=interpreted, Vv=VM code, C=native code)


---------------  P R O C E S S  ---------------

Java Threads: ( => current thread )

Other Threads:

=>0x0000000002cc8000 (exited) JavaThread "Unknown thread" [_thread_in_vm, id=52076, stack(0x0000000002bb0000,0x0000000002cb0000)]

VM state:not at safepoint (normal execution)

VM Mutex/Monitor currently owned by a thread: None

Heap:
 PSYoungGen      total 37888K, used 655K [0x00000000d6180000, 0x00000000d8b80000, 0x0000000100000000)
  eden space 32768K, 2% used [0x00000000d6180000,0x00000000d6223d80,0x00000000d8180000)
  from space 5120K, 0% used [0x00000000d8680000,0x00000000d8680000,0x00000000d8b80000)
  to   space 5120K, 0% used [0x00000000d8180000,0x00000000d8180000,0x00000000d8680000)
 ParOldGen       total 86016K, used 0K [0x0000000082400000, 0x0000000087800000, 0x00000000d6180000)
  object space 86016K, 0% used [0x0000000082400000,0x0000000082400000,0x0000000087800000)
 Metaspace       used 770K, capacity 4480K, committed 4480K, reserved 1056768K
  class space    used 75K, capacity 384K, committed 384K, reserved 1048576K

Card table byte_map: [0x0000000012180000,0x0000000012570000] byte_map_base: 0x0000000011d6e000

Marking Bits: (ParMarkBitMap*) 0x0000000065d10860
 Begin Bits: [0x0000000012e10000, 0x0000000014d80000)
 End Bits:   [0x0000000014d80000, 0x0000000016cf0000)

Polling page: 0x00000000005f0000

CodeCache: size=245760Kb used=328Kb max_used=328Kb free=245431Kb
 bounds [0x0000000002dc0000, 0x0000000003030000, 0x0000000011dc0000]
 total_blobs=58 nmethods=0 adapters=38
 compilation: enabled

Compilation events (0 events):
No events

GC Heap History (0 events):
No events

Deoptimization events (0 events):
No events

Classes redefined (0 events):
No events

Internal exceptions (0 events):
No events

Events (10 events):
Event: 0.089 loading class java/lang/Short
Event: 0.089 loading class java/lang/Short done
Event: 0.089 loading class java/lang/Integer
Event: 0.089 loading class java/lang/Integer done
Event: 0.089 loading class java/lang/Long
Event: 0.090 loading class java/lang/Long done
Event: 0.091 loading class java/lang/NullPointerException
Event: 0.091 loading class java/lang/NullPointerException done
Event: 0.091 loading class java/lang/ArithmeticException
Event: 0.091 loading class java/lang/ArithmeticException done


Dynamic libraries:
0x00007ff7b7ec0000 - 0x00007ff7b7ef7000 	C:\Program Files\Java\jdk1.8.0_162\bin\javaw.exe
0x00007fff83610000 - 0x00007fff837f1000 	C:\Windows\SYSTEM32\ntdll.dll
0x00007fff82dc0000 - 0x00007fff82e72000 	C:\Windows\System32\KERNEL32.DLL
0x00007fff7fb70000 - 0x00007fff7fde3000 	C:\Windows\System32\KERNELBASE.dll
0x00007fff82910000 - 0x00007fff829b1000 	C:\Windows\System32\ADVAPI32.dll
0x00007fff829f0000 - 0x00007fff82a8e000 	C:\Windows\System32\msvcrt.dll
0x00007fff83100000 - 0x00007fff8315b000 	C:\Windows\System32\sechost.dll
0x00007fff82700000 - 0x00007fff82824000 	C:\Windows\System32\RPCRT4.dll
0x00007fff82e80000 - 0x00007fff83010000 	C:\Windows\System32\USER32.dll
0x00007fff80640000 - 0x00007fff80660000 	C:\Windows\System32\win32u.dll
0x00007fff829c0000 - 0x00007fff829e8000 	C:\Windows\System32\GDI32.dll
0x00007fff80660000 - 0x00007fff807f2000 	C:\Windows\System32\gdi32full.dll
0x00007fff80800000 - 0x00007fff8089f000 	C:\Windows\System32\msvcp_win.dll
0x00007fff7f7c0000 - 0x00007fff7f8ba000 	C:\Windows\System32\ucrtbase.dll
0x00007fff66470000 - 0x00007fff666d9000 	C:\Windows\WinSxS\amd64_microsoft.windows.common-controls_6595b64144ccf1df_6.0.17134.1_none_e4da93291059d8fb\COMCTL32.dll
0x00007fff82a90000 - 0x00007fff82db3000 	C:\Windows\System32\combase.dll
0x00007fff7f740000 - 0x00007fff7f7ba000 	C:\Windows\System32\bcryptPrimitives.dll
0x00007fff823a0000 - 0x00007fff823cd000 	C:\Windows\System32\IMM32.DLL
0x0000000065d90000 - 0x0000000065e61000 	C:\Program Files\Java\jdk1.8.0_162\jre\bin\msvcr100.dll
0x00000000654f0000 - 0x0000000065d90000 	C:\Program Files\Java\jdk1.8.0_162\jre\bin\server\jvm.dll
0x00007fff80610000 - 0x00007fff80633000 	C:\Windows\System32\WINMM.dll
0x00007fff7f6b0000 - 0x00007fff7f6da000 	C:\Windows\System32\WINMMBASE.dll
0x00007fff805c0000 - 0x00007fff80609000 	C:\Windows\System32\cfgmgr32.dll
0x00007fff80b40000 - 0x00007fff80b48000 	C:\Windows\System32\PSAPI.DLL
0x00007fff6a8a0000 - 0x00007fff6a8a9000 	C:\Windows\SYSTEM32\WSOCK32.dll
0x00007fff82330000 - 0x00007fff8239c000 	C:\Windows\System32\WS2_32.dll
0x00007fff751d0000 - 0x00007fff751da000 	C:\Windows\SYSTEM32\VERSION.dll
0x0000000068000000 - 0x000000006800f000 	C:\Program Files\Java\jdk1.8.0_162\jre\bin\verify.dll
0x00000000654c0000 - 0x00000000654e9000 	C:\Program Files\Java\jdk1.8.0_162\jre\bin\java.dll
0x00000000654a0000 - 0x00000000654b6000 	C:\Program Files\Java\jdk1.8.0_162\jre\bin\zip.dll

VM Arguments:
jvm_args: -Dfile.encoding=UTF-8 
java_command: com.ts.wb.Application
java_class_path (initial): C:\Program Files\Java\jdk1.8.0_162\jre\lib\resources.jar;C:\Program Files\Java\jdk1.8.0_162\jre\lib\rt.jar;C:\Program Files\Java\jdk1.8.0_162\jre\lib\jsse.jar;C:\Program Files\Java\jdk1.8.0_162\jre\lib\jce.jar;C:\Program Files\Java\jdk1.8.0_162\jre\lib\charsets.jar;C:\Program Files\Java\jdk1.8.0_162\jre\lib\jfr.jar;C:\Program Files\Java\jdk1.8.0_162\jre\lib\ext\access-bridge-64.jar;C:\Program Files\Java\jdk1.8.0_162\jre\lib\ext\cldrdata.jar;C:\Program Files\Java\jdk1.8.0_162\jre\lib\ext\dnsns.jar;C:\Program Files\Java\jdk1.8.0_162\jre\lib\ext\jaccess.jar;C:\Program Files\Java\jdk1.8.0_162\jre\lib\ext\jfxrt.jar;C:\Program Files\Java\jdk1.8.0_162\jre\lib\ext\localedata.jar;C:\Program Files\Java\jdk1.8.0_162\jre\lib\ext\nashorn.jar;C:\Program Files\Java\jdk1.8.0_162\jre\lib\ext\sunec.jar;C:\Program Files\Java\jdk1.8.0_162\jre\lib\ext\sunjce_provider.jar;C:\Program Files\Java\jdk1.8.0_162\jre\lib\ext\sunmscapi.jar;C:\Program Files\Java\jdk1.8.0_162\jre\lib\ext\sunpkcs11.jar;C:\Program Files\Java\jdk1.8.0_162\jre\lib\ext\zipfs.jar;D:\sb\target\classes;C:\Users\Administrator\.m2\repository\org\springframework\boot\spring-boot-starter-web\2.0.3.RELEASE\spring-boot-starter-web-2.0.3.RELEASE.jar;C:\Users\Administrator\.m2\repository\org\springframework\boot\spring-boot-starter\2.0.3.RELEASE\spring-boot-starter-2.0.3.RELEASE.jar;C:\Users\Administrator\.m2\repository\org\springframework\boot\spring-boot\2.0.3.RELEASE\spring-boot-2.0.3.RELEASE.jar;C:\Users\Administrator\.m2\repository\org\springframework\boot\spring-boot-starter-logging\2.0.3.RELEASE\spring-boot-starter-logging-2.0.3.RELEASE.jar;C:\Users\Administrator\.m2\repository\ch\qos\logback\logback-classic\1.2.3\logback-classic-1.2.3.jar;C:\Users\Administrator\.m2\repository\ch\qos\logback\logback-core\1.2.3\logback-core-1.2.3.jar;C:\Users\Administrator\.m2\repository\org\apache\logging\log4j\log4j-to-slf4j\2.10.0\log4j-to-slf4j-2.10.0.jar;C:\Users\Administrator\.m2\repository\org\apache\logg
Launcher Type: SUN_STANDARD

Environment Variables:
PATH=C:/Program Files/Java/jre1.8.0_162/bin/server;C:/Program Files/Java/jre1.8.0_162/bin;C:/Program Files/Java/jre1.8.0_162/lib/amd64;C:\ProgramData\Oracle\Java\javapath;C:\Program Files (x86)\Intel\Intel(R) Management Engine Components\iCLS\;C:\Program Files\Intel\Intel(R) Management Engine Components\iCLS\;C:\Windows\system32;C:\Windows;C:\Windows\System32\Wbem;C:\Windows\System32\WindowsPowerShell\v1.0\;C:\Windows\System32\OpenSSH\;C:\Program Files (x86)\NVIDIA Corporation\PhysX\Common;C:\Program Files (x86)\Intel\Intel(R) Management Engine Components\DAL;C:\Program Files\Intel\Intel(R) Management Engine Components\DAL;C:\Program Files (x86)\Intel\Intel(R) Management Engine Components\IPT;C:\Program Files\Intel\Intel(R) Management Engine Components\IPT;C:\Program Files\TortoiseSVN\bin;C:\Program Files (x86)\MySQL\MySQL Fabric 1.5 & MySQL Utilities 1.5\;C:\Program Files (x86)\MySQL\MySQL Fabric 1.5 & MySQL Utilities 1.5\Doctrine extensions for PHP\;D:\360¼«ËÙä¯ÀÀÆ÷ÏÂÔØ\apache-maven-3.5.4-bin\apache-maven-3.5.4\bin;D:\Program Files\Redis\;D:\Program Files\Git\cmd;D:\Program Files\Python37;C:\Users\Administrator\AppData\Local\Microsoft\WindowsApps;C:\Users\Administrator\AppData\Local\GitHubDesktop\bin;E:\eclipse;
USERNAME=Administrator
OS=Windows_NT
PROCESSOR_IDENTIFIER=Intel64 Family 6 Model 158 Stepping 10, GenuineIntel



---------------  S Y S T E M  ---------------

OS: Windows 10.0 , 64 bit Build 17134 (10.0.17134.1)

CPU:total 6 (initial active 6) (6 cores per cpu, 1 threads per core) family 6 model 158 stepping 10, cmov, cx8, fxsr, mmx, sse, sse2, sse3, ssse3, sse4.1, sse4.2, popcnt, avx, avx2, aes, clmul, erms, rtm, 3dnowpref, lzcnt, tsc, tscinvbit, bmi1, bmi2, adx

Memory: 4k page, physical 8234476k(538432k free), swap 16102760k(5448k free)

vm_info: Java HotSpot(TM) 64-Bit Server VM (25.162-b12) for windows-amd64 JRE (1.8.0_162-b12), built on Dec 19 2017 20:00:03 by "java_re" with MS VC++ 10.0 (VS2010)

time: Fri Mar 29 09:38:00 2019
elapsed time: 0 seconds (0d 0h 0m 0s)

